<?xml version="1.0" encoding="UTF-8"?>
<testsuite xmlns:xsi="http://www.w3.org/2001/XMLSchema-instance" xsi:noNamespaceSchemaLocation="https://maven.apache.org/surefire/maven-surefire-plugin/xsd/surefire-test-report.xsd" name="com.github.andrey_ul.telegram_bot.ImageComparatorTest" time="0.367" tests="2" errors="0" skipped="0" failures="0">
  <properties>
[...]
</properties>
  <testcase name="shouldConfirmImageNotTheSame" classname="com.github.andrey_ul.telegram_bot.ImageComparatorTest" time="0.289"/>
  <testcase name="shouldConfirmImagesTheSame" classname="com.github.andrey_ul.telegram_bot.ImageComparatorTest" time="0.073"/>
</testsuite>